<?xml version="1.0" encoding="UTF-8"?>
<!-- Generated by org.testng.reporters.JUnitReportReporter -->
<testsuite hostname="DESKTOP-DJ4FDME" failures="0" tests="3" name="org.wipro.automation.fb.testcases.LoginScenario_DDF" time="9.168" errors="0" timestamp="2024-03-19T06:55:56 IST" skipped="0">
  <testcase classname="org.wipro.automation.fb.testcases.LoginScenario_DDF" name="validate_loginFunctionailty" time="3.238"/>
  <testcase classname="org.wipro.automation.fb.testcases.LoginScenario_DDF" name="validate_loginFunctionailty" time="2.953"/>
  <testcase classname="org.wipro.automation.fb.testcases.LoginScenario_DDF" name="validate_loginFunctionailty" time="2.977"/>
</testsuite> <!-- org.wipro.automation.fb.testcases.LoginScenario_DDF -->
