<?xml version="1.0" encoding="UTF-8"?>
<!-- Generated by org.testng.reporters.JUnitReportReporter -->
<testsuite hostname="DESKTOP-DJ4FDME" failures="0" tests="1" name="org.xyz.automation.fb.DifferentControl" time="7.346" errors="0" timestamp="2024-03-14T06:26:54 IST" skipped="0">
  <testcase classname="org.xyz.automation.fb.DifferentControl" name="launchBrowser" time="7.346"/>
</testsuite> <!-- org.xyz.automation.fb.DifferentControl -->
