<?xml version="1.0" encoding="UTF-8"?>
<!-- Generated by org.testng.reporters.JUnitReportReporter -->
<testsuite hostname="DESKTOP-DJ4FDME" failures="0" tests="4" name="org.xyz.automation.fb.HandleKeyMouseWin" time="30.282" errors="0" timestamp="2024-03-16T06:14:24 IST" skipped="2">
  <testcase classname="org.xyz.automation.fb.HandleKeyMouseWin" name="handleFrames" time="26.014"/>
  <testcase classname="org.xyz.automation.fb.HandleKeyMouseWin" name="handleAlerts" time="4.268"/>
  <testcase classname="org.xyz.automation.fb.HandleKeyMouseWin" name="handleMousewindow">
    <skipped/>
  </testcase> <!-- handleMousewindow -->
  <testcase classname="org.xyz.automation.fb.HandleKeyMouseWin" name="handleKeyboard">
    <skipped/>
  </testcase> <!-- handleKeyboard -->
</testsuite> <!-- org.xyz.automation.fb.HandleKeyMouseWin -->
