<?xml version="1.0" encoding="UTF-8"?>
<!-- Generated by org.testng.reporters.JUnitReportReporter -->
<testsuite hostname="DESKTOP-DJ4FDME" failures="0" tests="1" name="org.wipro.automation.fb.testcases.UO_HomePage_Scenario" time="57.104" errors="0" timestamp="2024-03-20T06:46:55 IST" skipped="0">
  <testcase classname="org.wipro.automation.fb.testcases.UO_HomePage_Scenario" name="validate_allthemenu_homepage" time="57.104"/>
</testsuite> <!-- org.wipro.automation.fb.testcases.UO_HomePage_Scenario -->
