<?xml version="1.0" encoding="UTF-8"?>
<!-- Generated by org.testng.reporters.JUnitReportReporter -->
<testsuite hostname="DESKTOP-DJ4FDME" failures="0" tests="6" name="testNGDemo.TestScenarios8" time="0.026" errors="0" timestamp="2024-03-09T06:51:25 IST" skipped="0">
  <testcase classname="testNGDemo.TestScenarios8" name="forth_testcase" time="0.003"/>
  <testcase classname="testNGDemo.TestScenarios8" name="fifth_testcase" time="0.004"/>
  <testcase classname="testNGDemo.TestScenarios8" name="second_testcase" time="0.002"/>
  <testcase classname="testNGDemo.TestScenarios8" name="first_testcase" time="0.014"/>
  <testcase classname="testNGDemo.TestScenarios8" name="third_testcase" time="0.001"/>
  <testcase classname="testNGDemo.TestScenarios8" name="sixth_testcase" time="0.002"/>
</testsuite> <!-- testNGDemo.TestScenarios8 -->
