<?xml version="1.0" encoding="UTF-8"?>
<!-- Generated by org.testng.reporters.JUnitReportReporter -->
<testsuite hostname="DESKTOP-DJ4FDME" failures="0" tests="1" name="testNGDemo.TestScenarios" time="0.014" errors="0" timestamp="2024-03-09T07:10:38 IST" skipped="0">
  <testcase classname="testNGDemo.TestScenarios" name="forth_testcase" time="0.014"/>
</testsuite> <!-- testNGDemo.TestScenarios -->
