<?xml version="1.0" encoding="UTF-8"?>
<!-- Generated by org.testng.reporters.JUnitReportReporter -->
<testsuite hostname="DESKTOP-DJ4FDME" failures="0" tests="1" name="org.wipro.automation.fb.testcases.SignupScenario" time="4.376" errors="0" timestamp="2024-03-20T06:54:43 IST" skipped="0">
  <testcase classname="org.wipro.automation.fb.testcases.SignupScenario" name="validatefb_registration" time="4.376"/>
</testsuite> <!-- org.wipro.automation.fb.testcases.SignupScenario -->
