<?xml version="1.0" encoding="UTF-8"?>
<!-- Generated by org.testng.reporters.JUnitReportReporter -->
<testsuite hostname="DESKTOP-DJ4FDME" failures="0" tests="1" name="testNGDemo.TestScenarios7" time="0.001" errors="0" timestamp="2024-03-09T07:11:40 IST" skipped="0">
  <testcase classname="testNGDemo.TestScenarios7" name="second_testcase" time="0.001"/>
</testsuite> <!-- testNGDemo.TestScenarios7 -->
