<?xml version="1.0" encoding="UTF-8"?>
<!-- Generated by org.testng.reporters.JUnitReportReporter -->
<testsuite hostname="DESKTOP-DJ4FDME" failures="0" tests="2" name="org.wipro.automation.fb.testcases.LoginScenario" time="4.104" errors="0" timestamp="2024-03-19T06:45:46 IST" skipped="1">
  <testcase classname="org.wipro.automation.fb.testcases.LoginScenario" name="validate_loginFunctionailtytd" time="4.104"/>
  <testcase classname="org.wipro.automation.fb.testcases.LoginScenario" name="validate_loginFunctionailty">
    <skipped/>
  </testcase> <!-- validate_loginFunctionailty -->
</testsuite> <!-- org.wipro.automation.fb.testcases.LoginScenario -->
