<?xml version="1.0" encoding="UTF-8"?>
<!-- Generated by org.testng.reporters.JUnitReportReporter -->
<testsuite hostname="DESKTOP-DJ4FDME" failures="0" tests="6" name="testNGDemo.TestScenarios3" time="0.009" errors="0" timestamp="2024-03-09T06:51:25 IST" skipped="0">
  <testcase classname="testNGDemo.TestScenarios3" name="fifth_testcase" time="0.001"/>
  <testcase classname="testNGDemo.TestScenarios3" name="forth_testcase" time="0.003"/>
  <testcase classname="testNGDemo.TestScenarios3" name="first_testcase" time="0.002"/>
  <testcase classname="testNGDemo.TestScenarios3" name="third_testcase" time="0.000"/>
  <testcase classname="testNGDemo.TestScenarios3" name="second_testcase" time="0.002"/>
  <testcase classname="testNGDemo.TestScenarios3" name="sixth_testcase" time="0.001"/>
</testsuite> <!-- testNGDemo.TestScenarios3 -->
