<?xml version="1.0" encoding="UTF-8"?>
<!-- Generated by org.testng.reporters.JUnitReportReporter -->
<testsuite hostname="DESKTOP-DJ4FDME" failures="0" tests="2" name="testNGDemo.TestScenarios2" time="0.017" errors="0" timestamp="2024-03-09T07:11:40 IST" skipped="1">
  <testcase classname="testNGDemo.TestScenarios2" name="third_testcase" time="0.017"/>
  <testcase classname="testNGDemo.TestScenarios2" name="second_testcase">
    <skipped/>
  </testcase> <!-- second_testcase -->
</testsuite> <!-- testNGDemo.TestScenarios2 -->
