<?xml version="1.0" encoding="UTF-8"?>
<!-- Generated by org.testng.reporters.JUnitReportReporter -->
<testsuite hostname="DESKTOP-DJ4FDME" failures="0" tests="6" name="testNGDemo.TestScenarios10" time="0.020" errors="0" timestamp="2024-03-09T06:51:25 IST" skipped="0">
  <testcase classname="testNGDemo.TestScenarios10" name="sixth_testcase" time="0.005"/>
  <testcase classname="testNGDemo.TestScenarios10" name="fifth_testcase" time="0.004"/>
  <testcase classname="testNGDemo.TestScenarios10" name="third_testcase" time="0.005"/>
  <testcase classname="testNGDemo.TestScenarios10" name="first_testcase" time="0.002"/>
  <testcase classname="testNGDemo.TestScenarios10" name="second_testcase" time="0.002"/>
  <testcase classname="testNGDemo.TestScenarios10" name="forth_testcase" time="0.002"/>
</testsuite> <!-- testNGDemo.TestScenarios10 -->
