<?xml version="1.0" encoding="UTF-8"?>
<!-- Generated by org.testng.reporters.JUnitReportReporter -->
<testsuite hostname="DESKTOP-DJ4FDME" failures="0" tests="1" name="testNGDemo.TestScenarios5" time="0.002" errors="0" timestamp="2024-03-09T07:11:09 IST" skipped="0">
  <testcase classname="testNGDemo.TestScenarios5" name="second_testcase" time="0.002"/>
</testsuite> <!-- testNGDemo.TestScenarios5 -->
