<?xml version="1.0" encoding="UTF-8"?>
<!-- Generated by org.testng.reporters.JUnitReportReporter -->
<testsuite hostname="DESKTOP-DJ4FDME" failures="0" tests="6" name="testNGDemo.TestScenarios6" time="0.011" errors="0" timestamp="2024-03-09T06:51:25 IST" skipped="0">
  <testcase classname="testNGDemo.TestScenarios6" name="sixth_testcase" time="0.001"/>
  <testcase classname="testNGDemo.TestScenarios6" name="forth_testcase" time="0.002"/>
  <testcase classname="testNGDemo.TestScenarios6" name="third_testcase" time="0.001"/>
  <testcase classname="testNGDemo.TestScenarios6" name="second_testcase" time="0.002"/>
  <testcase classname="testNGDemo.TestScenarios6" name="first_testcase" time="0.004"/>
  <testcase classname="testNGDemo.TestScenarios6" name="fifth_testcase" time="0.001"/>
</testsuite> <!-- testNGDemo.TestScenarios6 -->
