<?xml version="1.0" encoding="UTF-8"?>
<!-- Generated by org.testng.reporters.JUnitReportReporter -->
<testsuite hostname="DESKTOP-DJ4FDME" failures="0" tests="1" name="org.xyz.automation.fb.FetchDataRunTime" time="3.767" errors="0" timestamp="2024-03-13T06:41:59 IST" skipped="0">
  <testcase classname="org.xyz.automation.fb.FetchDataRunTime" name="launchBrowser" time="3.767"/>
</testsuite> <!-- org.xyz.automation.fb.FetchDataRunTime -->
