<?xml version="1.0" encoding="UTF-8"?>
<!-- Generated by org.testng.reporters.JUnitReportReporter -->
<testsuite hostname="DESKTOP-DJ4FDME" failures="0" tests="2" name="org.xyz.automation.fb.FirstAutomation" time="7.546" errors="0" timestamp="2024-03-14T06:15:35 IST" skipped="0">
  <testcase classname="org.xyz.automation.fb.FirstAutomation" name="loginFunctionality" time="4.345"/>
  <testcase classname="org.xyz.automation.fb.FirstAutomation" name="signupFunctionality" time="3.201"/>
</testsuite> <!-- org.xyz.automation.fb.FirstAutomation -->
